<?xml version="1.0" encoding="UTF-8"?>
<testng-results skipped="0" failed="0" ignored="0" total="4" passed="4">
  <reporter-output>
  </reporter-output>
  <suite name="Default suite" duration-ms="64" started-at="2020-08-05T14:27:48 CDT" finished-at="2020-08-05T14:27:48 CDT">
    <groups>
    </groups>
    <test name="Default test" duration-ms="64" started-at="2020-08-05T14:27:48 CDT" finished-at="2020-08-05T14:27:48 CDT">
      <class name="BlueJenkins.Math">
        <test-method status="PASS" signature="number()[pri:0, instance:BlueJenkins.Math@1b68ddbd]" name="number" duration-ms="8" started-at="2020-08-05T14:27:48 CDT" finished-at="2020-08-05T14:27:48 CDT">
          <reporter-output>
          </reporter-output>
        </test-method> <!-- number -->
        <test-method status="PASS" signature="student()[pri:0, instance:BlueJenkins.Math@1b68ddbd]" name="student" duration-ms="2" started-at="2020-08-05T14:27:48 CDT" finished-at="2020-08-05T14:27:48 CDT">
          <reporter-output>
          </reporter-output>
        </test-method> <!-- student -->
        <test-method status="PASS" signature="teacher()[pri:0, instance:BlueJenkins.Math@1b68ddbd]" name="teacher" duration-ms="3" started-at="2020-08-05T14:27:48 CDT" finished-at="2020-08-05T14:27:48 CDT">
          <reporter-output>
          </reporter-output>
        </test-method> <!-- teacher -->
        <test-method status="PASS" signature="unit()[pri:0, instance:BlueJenkins.Math@1b68ddbd]" name="unit" duration-ms="2" started-at="2020-08-05T14:27:48 CDT" finished-at="2020-08-05T14:27:48 CDT">
          <reporter-output>
          </reporter-output>
        </test-method> <!-- unit -->
      </class> <!-- BlueJenkins.Math -->
    </test> <!-- Default test -->
  </suite> <!-- Default suite -->
</testng-results>
