<?xml version="1.0" encoding="UTF-8"?>
<!-- Generated by org.testng.reporters.JUnitXMLReporter -->
<testsuite hostname="DESKTOP-11F9497" ignored="0" name="Default test" tests="4" failures="0" timestamp="2020-08-05T14:27:48 CDT" time="0.064" errors="0">
  <testcase name="number" time="0.008" classname="BlueJenkins.Math"/>
  <testcase name="student" time="0.002" classname="BlueJenkins.Math"/>
  <testcase name="teacher" time="0.003" classname="BlueJenkins.Math"/>
  <testcase name="unit" time="0.002" classname="BlueJenkins.Math"/>
</testsuite> <!-- Default test -->
